#
# There is insufficient memory for the Java Runtime Environment to continue.
# Native memory allocation (mmap) failed to map 266338304 bytes for G1 virtual space
# Possible reasons:
#   The system is out of physical RAM or swap space
#   The process is running with CompressedOops enabled, and the Java Heap may be blocking the growth of the native heap
# Possible solutions:
#   Reduce memory load on the system
#   Increase physical memory or swap space
#   Check if swap backing store is full
#   Decrease Java heap size (-Xmx/-Xms)
#   Decrease number of Java threads
#   Decrease Java thread stack sizes (-Xss)
#   Set larger code cache with -XX:ReservedCodeCacheSize=
#   JVM is running with Zero Based Compressed Oops mode in which the Java heap is
#     placed in the first 32GB address space. The Java Heap base address is the
#     maximum limit for the native heap growth. Please use -XX:HeapBaseMinAddress
#     to set the Java Heap base and to place the Java Heap above 32GB virtual address.
# This output file may be truncated or incomplete.
#
#  Out of Memory Error (os_windows.cpp:3550), pid=22460, tid=5832
#
# JRE version:  (17.0.6+9) (build )
# Java VM: Java HotSpot(TM) 64-Bit Server VM (17.0.6+9-LTS-190, mixed mode, sharing, tiered, compressed oops, compressed class ptrs, g1 gc, windows-amd64)
# No core dump will be written. Minidumps are not enabled by default on client versions of Windows
#

---------------  S U M M A R Y ------------

Command Line: -javaagent:D:\Program Files\IntelliJ IDEA 2023.1.3\lib\idea_rt.jar=60171:D:\Program Files\IntelliJ IDEA 2023.1.3\bin -Dfile.encoding=UTF-8 application.Artemisia

Host: 12th Gen Intel(R) Core(TM) i7-12700H, 20 cores, 15G,  Windows 11 , 64 bit Build 25951 (10.0.25951.1000)
Time: Sun Apr 21 16:02:47 2024  Windows 11 , 64 bit Build 25951 (10.0.25951.1000) elapsed time: 2.027643 seconds (0d 0h 0m 2s)

---------------  T H R E A D  ---------------

Current thread (0x0000000002dd2f10):  JavaThread "Unknown thread" [_thread_in_vm, id=5832, stack(0x00000000024a0000,0x00000000025a0000)]

Stack: [0x00000000024a0000,0x00000000025a0000]
Native frames: (J=compiled Java code, j=interpreted, Vv=VM code, C=native code)
V  [jvm.dll+0x6734ea]
V  [jvm.dll+0x7d18f4]
V  [jvm.dll+0x7d309e]
V  [jvm.dll+0x7d3703]
V  [jvm.dll+0x2433c5]
V  [jvm.dll+0x6703f9]
V  [jvm.dll+0x664d32]
V  [jvm.dll+0x300086]
V  [jvm.dll+0x307606]
V  [jvm.dll+0x356c1e]
V  [jvm.dll+0x356e4f]
V  [jvm.dll+0x2d72e8]
V  [jvm.dll+0x2d8254]
V  [jvm.dll+0x7a33b1]
V  [jvm.dll+0x3647f1]
V  [jvm.dll+0x782839]
V  [jvm.dll+0x3e757f]
V  [jvm.dll+0x3e9001]
C  [jli.dll+0x5297]
C  [ucrtbase.dll+0x60690]
C  [KERNEL32.DLL+0x11f87]
C  [ntdll.dll+0x6b5b0]


---------------  P R O C E S S  ---------------

Threads class SMR info:
_java_thread_list=0x00007ffc8975e958, length=0, elements={
}

Java Threads: ( => current thread )

Other Threads:
  0x0000000002e3fce0 GCTaskThread "GC Thread#0" [stack: 0x0000000023850000,0x0000000023950000] [id=11040]
  0x0000000002e515c0 ConcurrentGCThread "G1 Main Marker" [stack: 0x0000000023950000,0x0000000023a50000] [id=4372]
  0x0000000002e52770 ConcurrentGCThread "G1 Conc#0" [stack: 0x0000000023a50000,0x0000000023b50000] [id=22388]

[error occurred during error reporting (printing all threads), id 0xc0000005, EXCEPTION_ACCESS_VIOLATION (0xc0000005) at pc=0x00007ffc88f97f07]

VM state: not at safepoint (not fully initialized)

VM Mutex/Monitor currently owned by a thread:  ([mutex/lock_event])
[0x0000000002dcfd90] Heap_lock - owner thread: 0x0000000002dd2f10

Heap address: 0x0000000703200000, size: 4046 MB, Compressed Oops mode: Zero based, Oop shift amount: 3

CDS archive(s) mapped at: [0x0000000000000000-0x0000000000000000-0x0000000000000000), size 0, SharedBaseAddress: 0x0000000800000000, ArchiveRelocationMode: 0.
Narrow klass base: 0x0000000000000000, Narrow klass shift: 0, Narrow klass range: 0x0

GC Precious Log:
<Empty>

Heap:
 garbage-first heap   total 0K, used 0K [0x0000000703200000, 0x0000000800000000)
  region size 2048K, 0 young (0K), 0 survivors (0K)

[error occurred during error reporting (printing heap information), id 0xc0000005, EXCEPTION_ACCESS_VIOLATION (0xc0000005) at pc=0x00007ffc8937c759]

GC Heap History (0 events):
No events

Deoptimization events (0 events):
No events

Classes unloaded (0 events):
No events

Classes redefined (0 events):
No events

Internal exceptions (0 events):
No events

VM Operations (0 events):
No events

Events (1 events):
Event: 0.008 Loaded shared library C:\Program Files\Java\jdk-17\bin\java.dll


Dynamic libraries:
0x00007ff615da0000 - 0x00007ff615db0000 	C:\Program Files\Java\jdk-17\bin\java.exe
0x00007ffcdf6b0000 - 0x00007ffcdf8e6000 	C:\WINDOWS\SYSTEM32\ntdll.dll
0x00007ffcddce0000 - 0x00007ffcddda9000 	C:\WINDOWS\System32\KERNEL32.DLL
0x00007ffcdcc50000 - 0x00007ffcdcfad000 	C:\WINDOWS\System32\KERNELBASE.dll
0x00007ffcdd360000 - 0x00007ffcdd499000 	C:\WINDOWS\System32\ucrtbase.dll
0x00007ffcb6430000 - 0x00007ffcb6448000 	C:\Program Files\Java\jdk-17\bin\jli.dll
0x00007ffcb9380000 - 0x00007ffcb939b000 	C:\Program Files\Java\jdk-17\bin\VCRUNTIME140.dll
0x00007ffcddc20000 - 0x00007ffcddcd0000 	C:\WINDOWS\System32\ADVAPI32.dll
0x00007ffcded40000 - 0x00007ffcdede7000 	C:\WINDOWS\System32\msvcrt.dll
0x00007ffcdddc0000 - 0x00007ffcdde61000 	C:\WINDOWS\System32\sechost.dll
0x00007ffcdda90000 - 0x00007ffcddbb6000 	C:\WINDOWS\System32\RPCRT4.dll
0x00007ffcdf490000 - 0x00007ffcdf648000 	C:\WINDOWS\System32\USER32.dll
0x00007ffcdcaa0000 - 0x00007ffcdcac7000 	C:\WINDOWS\System32\win32u.dll
0x00007ffcc9380000 - 0x00007ffcc9611000 	C:\WINDOWS\WinSxS\amd64_microsoft.windows.common-controls_6595b64144ccf1df_6.0.25951.1000_none_84e0966f48507579\COMCTL32.dll
0x00007ffcdd7d0000 - 0x00007ffcdd7fa000 	C:\WINDOWS\System32\GDI32.dll
0x00007ffcdd230000 - 0x00007ffcdd350000 	C:\WINDOWS\System32\gdi32full.dll
0x00007ffcdd0c0000 - 0x00007ffcdd165000 	C:\WINDOWS\System32\msvcp_win.dll
0x00007ffcd5150000 - 0x00007ffcd515b000 	C:\WINDOWS\SYSTEM32\VERSION.dll
0x00007ffcdd800000 - 0x00007ffcdd831000 	C:\WINDOWS\System32\IMM32.DLL
0x00007ffcc49e0000 - 0x00007ffcc49ec000 	C:\Program Files\Java\jdk-17\bin\vcruntime140_1.dll
0x00007ffc9e1a0000 - 0x00007ffc9e22e000 	C:\Program Files\Java\jdk-17\bin\msvcp140.dll
0x00007ffc88cb0000 - 0x00007ffc89887000 	C:\Program Files\Java\jdk-17\bin\server\jvm.dll
0x00007ffcdddb0000 - 0x00007ffcdddb8000 	C:\WINDOWS\System32\PSAPI.DLL
0x00007ffcd9800000 - 0x00007ffcd980a000 	C:\WINDOWS\SYSTEM32\WSOCK32.dll
0x00007ffcd0470000 - 0x00007ffcd04a5000 	C:\WINDOWS\SYSTEM32\WINMM.dll
0x00007ffcdd6d0000 - 0x00007ffcdd744000 	C:\WINDOWS\System32\WS2_32.dll
0x00007ffcdb8c0000 - 0x00007ffcdb8d9000 	C:\WINDOWS\SYSTEM32\kernel.appcore.dll
0x00007ffcc49b0000 - 0x00007ffcc49ba000 	C:\Program Files\Java\jdk-17\bin\jimage.dll
0x00007ffcda2c0000 - 0x00007ffcda4f6000 	C:\WINDOWS\SYSTEM32\DBGHELP.DLL
0x00007ffcddfc0000 - 0x00007ffcde338000 	C:\WINDOWS\System32\combase.dll
0x00007ffcdd9b0000 - 0x00007ffcdda86000 	C:\WINDOWS\System32\OLEAUT32.dll
0x00007ffccb4e0000 - 0x00007ffccb519000 	C:\WINDOWS\SYSTEM32\dbgcore.DLL
0x00007ffcdd030000 - 0x00007ffcdd0b3000 	C:\WINDOWS\System32\bcryptPrimitives.dll
0x00007ffcd79c0000 - 0x00007ffcd79ce000 	C:\Program Files\Java\jdk-17\bin\instrument.dll
0x00007ffcaa220000 - 0x00007ffcaa245000 	C:\Program Files\Java\jdk-17\bin\java.dll

dbghelp: loaded successfully - version: 4.0.5 - missing functions: none
symbol engine: initialized successfully - sym options: 0x614 - pdb path: .;C:\Program Files\Java\jdk-17\bin;C:\WINDOWS\SYSTEM32;C:\WINDOWS\WinSxS\amd64_microsoft.windows.common-controls_6595b64144ccf1df_6.0.25951.1000_none_84e0966f48507579;C:\Program Files\Java\jdk-17\bin\server

VM Arguments:
jvm_args: -javaagent:D:\Program Files\IntelliJ IDEA 2023.1.3\lib\idea_rt.jar=60171:D:\Program Files\IntelliJ IDEA 2023.1.3\bin -Dfile.encoding=UTF-8 
java_command: application.Artemisia
java_class_path (initial): D:\Project\Artemisia\Artemisia-main\platform\platform-application\build\classes\kotlin\main;C:\Users\Administrator\.mcreator\gradle\caches\modules-2\files-2.1\org.jetbrains.kotlin\kotlin-stdlib\1.9.22\d6c44cd08d8f3f9bece8101216dbe6553365c6e3\kotlin-stdlib-1.9.22.jar;D:\Project\Artemisia\Artemisia-main\project\module-gson\build\classes\kotlin\main;D:\Project\Artemisia\Artemisia-main\project\module-common\build\classes\kotlin\main;D:\Project\Artemisia\Artemisia-main\project\module-compiler\build\classes\kotlin\main;D:\Project\Artemisia\Artemisia-main\project\module-vm\build\classes\kotlin\main;C:\Users\Administrator\.m2\repository\org\jetbrains\annotations\13.0\annotations-13.0.jar;C:\Users\Administrator\.mcreator\gradle\caches\modules-2\files-2.1\com.google.code.gson\gson\2.8.9\8a432c1d6825781e21a02db2e2c33c5fde2833b9\gson-2.8.9.jar;C:\Users\Administrator\.mcreator\gradle\caches\modules-2\files-2.1\org.jetbrains.kotlin\kotlin-reflect\1.9.22\761ab33cf85f03a3a24595e1b92639d82e7a9564\kotlin-reflect-1.9.22.jar
Launcher Type: SUN_STANDARD

[Global flags]
     intx CICompilerCount                          = 12                                        {product} {ergonomic}
     uint ConcGCThreads                            = 4                                         {product} {ergonomic}
     uint G1ConcRefinementThreads                  = 15                                        {product} {ergonomic}
   size_t G1HeapRegionSize                         = 2097152                                   {product} {ergonomic}
    uintx GCDrainStackTargetSize                   = 64                                        {product} {ergonomic}
   size_t InitialHeapSize                          = 266338304                                 {product} {ergonomic}
   size_t MarkStackSize                            = 4194304                                   {product} {ergonomic}
   size_t MaxHeapSize                              = 4242538496                                {product} {ergonomic}
   size_t MinHeapDeltaBytes                        = 2097152                                   {product} {ergonomic}
   size_t MinHeapSize                              = 8388608                                   {product} {ergonomic}
    uintx NonNMethodCodeHeapSize                   = 7602480                                {pd product} {ergonomic}
    uintx NonProfiledCodeHeapSize                  = 122027880                              {pd product} {ergonomic}
    uintx ProfiledCodeHeapSize                     = 122027880                              {pd product} {ergonomic}
    uintx ReservedCodeCacheSize                    = 251658240                              {pd product} {ergonomic}
     bool SegmentedCodeCache                       = true                                      {product} {ergonomic}
   size_t SoftMaxHeapSize                          = 4242538496                             {manageable} {ergonomic}
     bool UseCompressedClassPointers               = true                           {product lp64_product} {ergonomic}
     bool UseCompressedOops                        = true                           {product lp64_product} {ergonomic}
     bool UseG1GC                                  = true                                      {product} {ergonomic}
     bool UseLargePagesIndividualAllocation        = false                                  {pd product} {ergonomic}

Logging:
Log output configuration:
 #0: stdout all=warning uptime,level,tags
 #1: stderr all=off uptime,level,tags

Environment Variables:
PATH=C:\Program Files\Python311\Scripts\;C:\Program Files\Python311\;C:\Program Files\Python312\Scripts\;C:\Program Files\Python312\;C:\Program Files\Python38\Scripts\;C:\Program Files\Python38\;C:\Program Files (x86)\NVIDIA Corporation\PhysX\Common;C:\Program Files\Common Files\Oracle\Java\javapath;C:\Program Files (x86)\Common Files\Oracle\Java\javapath;C:\WINDOWS\system32;C:\WINDOWS;C:\WINDOWS\System32\Wbem;C:\WINDOWS\System32\WindowsPowerShell\v1.0\;C:\WINDOWS\System32\OpenSSH\;C:\Program Files\Bandizip\;C:\Program Files\dotnet\;C:\Program Files (x86)\mingw64\bin;C:\Program Files (x86)\mingw64\dumpbin;C:\Program Files (x86)\mingw64\de4dot;C:\Program Files\NASM;C:\Program Files\Microsoft VS Code\bin;C:\Program Files\qemu;C:\Program Files (x86)\mingw64\asm_30;C:\Program Files (x86)\Eziriz\.NET Reactor;D:\MyGames\NONEBOT\MiaoU\;C:\Program Files\Java\jdk-17\bin;D:\Program Files\IntelliJ IDEA 2023.1.3\plugins\maven\lib\maven3\bin;C:\Program Files\Git\cmd;D:\Program Files\Node.js\;D:\Program Files\Visual Studio Professional\VC\Tools\MSVC\14.39.33519\bin\Hostx64\x64;C:\Users\Administrator\AppData\Local\Programs\Python\Python312\Scripts\;C:\Users\Administrator\AppData\Local\Programs\Python\Python312\;C:\Users\Administrator\.cargo\bin;C:\Users\Administrator\AppData\Local\Programs\Python\Python310\Scripts\;C:\Users\Administrator\AppData\Local\Programs\Python\Python310\;C:\Users\Administrator\AppData\Local\Microsoft\WindowsApps;C:\Users\Administrator\.dotnet\tools;D:\VS Code\bin;C:\Users\Administrator\AppData\Local\Microsoft\WindowsApps;;D:\Program Files\IntelliJ IDEA 2023.1.3\bin;;C:\Users\Administrator\AppData\Roaming\npm;C:\Users\Administrator\.dotnet\tools
USERNAME=Administrator
OS=Windows_NT
PROCESSOR_IDENTIFIER=Intel64 Family 6 Model 154 Stepping 3, GenuineIntel



---------------  S Y S T E M  ---------------

OS:
 Windows 11 , 64 bit Build 25951 (10.0.25951.1000)
OS uptime: 1 days 1:33 hours
Hyper-V role detected

CPU: total 20 (initial active 20) (10 cores per cpu, 2 threads per core) family 6 model 154 stepping 3 microcode 0x413, cx8, cmov, fxsr, ht, mmx, 3dnowpref, sse, sse2, sse3, ssse3, sse4.1, sse4.2, popcnt, lzcnt, tsc, tscinvbit, avx, avx2, aes, erms, clmul, bmi1, bmi2, adx, sha, fma, vzeroupper, clflush, clflushopt, clwb, hv

Memory: 4k page, system-wide physical 16176M (7435M free)
TotalPageFile size 41636M (AvailPageFile size 148M)
current process WorkingSet (physical memory assigned to process): 13M, peak: 13M
current process commit charge ("private bytes"): 75M, peak: 329M

vm_info: Java HotSpot(TM) 64-Bit Server VM (17.0.6+9-LTS-190) for windows-amd64 JRE (17.0.6+9-LTS-190), built on Dec  6 2022 15:53:54 by "mach5one" with MS VC++ 17.1 (VS2022)

END.
